# JRE version: OpenJDK Runtime Environment (8.0_212) (build 1.8.0_212-release-1586-b4-5784211)
# Java VM: OpenJDK 64-Bit Server VM (25.212-b4-5784211 mixed mode linux-amd64 compressed oops)
Heap:
 PSYoungGen      total 197120K, used 59531K [0x00000000e0000000, 0x00000000ed400000, 0x0000000100000000)
  eden space 184320K, 32% used [0x00000000e0000000,0x00000000e3a22f80,0x00000000eb400000)
  from space 12800K, 0% used [0x00000000ec780000,0x00000000ec780000,0x00000000ed400000)
  to   space 16384K, 0% used [0x00000000eb400000,0x00000000eb400000,0x00000000ec400000)
 ParOldGen       total 103936K, used 18382K [0x00000000a0000000, 0x00000000a6580000, 0x00000000e0000000)
  object space 103936K, 17% used [0x00000000a0000000,0x00000000a11f38a8,0x00000000a6580000)
 Metaspace       used 42374K, capacity 43324K, committed 43392K, reserved 1087488K
  class space    used 5731K, capacity 6016K, committed 6016K, reserved 1048576K
GC Heap History (10 events):
Event: 3.899 GC heap before
{Heap before GC invocations=4 (full 0):
 PSYoungGen      total 67584K, used 66789K [0x00000000e0000000, 0x00000000e8400000, 0x0000000100000000)
  eden space 62464K, 98% used [0x00000000e0000000,0x00000000e3c3c548,0x00000000e3d00000)
  from space 5120K, 99% used [0x00000000e3d00000,0x00000000e41fd0c0,0x00000000e4200000)
  to   space 5120K, 0% used [0x00000000e7f00000,0x00000000e7f00000,0x00000000e8400000)
 ParOldGen       total 83456K, used 4254K [0x00000000a0000000, 0x00000000a5180000, 0x00000000e0000000)
  object space 83456K, 5% used [0x00000000a0000000,0x00000000a0427868,0x00000000a5180000)
 Metaspace       used 20602K, capacity 21104K, committed 21296K, reserved 1067008K
  class space    used 2980K, capacity 3128K, committed 3200K, reserved 1048576K
Event: 3.912 GC heap after
Heap after GC invocations=4 (full 0):
 PSYoungGen      total 130048K, used 5100K [0x00000000e0000000, 0x00000000e8400000, 0x0000000100000000)
  eden space 124928K, 0% used [0x00000000e0000000,0x00000000e0000000,0x00000000e7a00000)
  from space 5120K, 99% used [0x00000000e7f00000,0x00000000e83fb0f8,0x00000000e8400000)
  to   space 5120K, 0% used [0x00000000e7a00000,0x00000000e7a00000,0x00000000e7f00000)
 ParOldGen       total 83456K, used 12048K [0x00000000a0000000, 0x00000000a5180000, 0x00000000e0000000)
  object space 83456K, 14% used [0x00000000a0000000,0x00000000a0bc4250,0x00000000a5180000)
 Metaspace       used 20602K, capacity 21104K, committed 21296K, reserved 1067008K
  class space    used 2980K, capacity 3128K, committed 3200K, reserved 1048576K
}
Event: 3.912 GC heap before
{Heap before GC invocations=5 (full 1):
 PSYoungGen      total 130048K, used 5100K [0x00000000e0000000, 0x00000000e8400000, 0x0000000100000000)
  eden space 124928K, 0% used [0x00000000e0000000,0x00000000e0000000,0x00000000e7a00000)
  from space 5120K, 99% used [0x00000000e7f00000,0x00000000e83fb0f8,0x00000000e8400000)
  to   space 5120K, 0% used [0x00000000e7a00000,0x00000000e7a00000,0x00000000e7f00000)
 ParOldGen       total 83456K, used 12048K [0x00000000a0000000, 0x00000000a5180000, 0x00000000e0000000)
  object space 83456K, 14% used [0x00000000a0000000,0x00000000a0bc4250,0x00000000a5180000)
 Metaspace       used 20602K, capacity 21104K, committed 21296K, reserved 1067008K
  class space    used 2980K, capacity 3128K, committed 3200K, reserved 1048576K
Event: 3.958 GC heap after
Heap after GC invocations=5 (full 1):
 PSYoungGen      total 130048K, used 0K [0x00000000e0000000, 0x00000000e8400000, 0x0000000100000000)
  eden space 124928K, 0% used [0x00000000e0000000,0x00000000e0000000,0x00000000e7a00000)
  from space 5120K, 0% used [0x00000000e7f00000,0x00000000e7f00000,0x00000000e8400000)
  to   space 5120K, 0% used [0x00000000e7a00000,0x00000000e7a00000,0x00000000e7f00000)
 ParOldGen       total 68096K, used 12558K [0x00000000a0000000, 0x00000000a4280000, 0x00000000e0000000)
  object space 68096K, 18% used [0x00000000a0000000,0x00000000a0c43b10,0x00000000a4280000)
 Metaspace       used 20602K, capacity 21104K, committed 21296K, reserved 1067008K
  class space    used 2980K, capacity 3128K, committed 3200K, reserved 1048576K
}
Event: 5.886 GC heap before
{Heap before GC invocations=6 (full 1):
 PSYoungGen      total 130048K, used 124928K [0x00000000e0000000, 0x00000000e8400000, 0x0000000100000000)
  eden space 124928K, 100% used [0x00000000e0000000,0x00000000e7a00000,0x00000000e7a00000)
  from space 5120K, 0% used [0x00000000e7f00000,0x00000000e7f00000,0x00000000e8400000)
  to   space 5120K, 0% used [0x00000000e7a00000,0x00000000e7a00000,0x00000000e7f00000)
 ParOldGen       total 68096K, used 12558K [0x00000000a0000000, 0x00000000a4280000, 0x00000000e0000000)
  object space 68096K, 18% used [0x00000000a0000000,0x00000000a0c43b10,0x00000000a4280000)
 Metaspace       used 31595K, capacity 32114K, committed 32256K, reserved 1077248K
  class space    used 4335K, capacity 4554K, committed 4608K, reserved 1048576K
Event: 5.906 GC heap after
Heap after GC invocations=6 (full 1):
 PSYoungGen      total 130048K, used 5120K [0x00000000e0000000, 0x00000000ed780000, 0x0000000100000000)
  eden space 124928K, 0% used [0x00000000e0000000,0x00000000e0000000,0x00000000e7a00000)
  from space 5120K, 100% used [0x00000000e7a00000,0x00000000e7f00000,0x00000000e7f00000)
  to   space 16384K, 0% used [0x00000000ec780000,0x00000000ec780000,0x00000000ed780000)
 ParOldGen       total 68096K, used 19437K [0x00000000a0000000, 0x00000000a4280000, 0x00000000e0000000)
  object space 68096K, 28% used [0x00000000a0000000,0x00000000a12fb7b8,0x00000000a4280000)
 Metaspace       used 31595K, capacity 32114K, committed 32256K, reserved 1077248K
  class space    used 4335K, capacity 4554K, committed 4608K, reserved 1048576K
}
Event: 8.541 GC heap before
{Heap before GC invocations=7 (full 1):
 PSYoungGen      total 130048K, used 74892K [0x00000000e0000000, 0x00000000ed780000, 0x0000000100000000)
  eden space 124928K, 55% used [0x00000000e0000000,0x00000000e4423088,0x00000000e7a00000)
  from space 5120K, 100% used [0x00000000e7a00000,0x00000000e7f00000,0x00000000e7f00000)
  to   space 16384K, 0% used [0x00000000ec780000,0x00000000ec780000,0x00000000ed780000)
 ParOldGen       total 68096K, used 19437K [0x00000000a0000000, 0x00000000a4280000, 0x00000000e0000000)
  object space 68096K, 28% used [0x00000000a0000000,0x00000000a12fb7b8,0x00000000a4280000)
 Metaspace       used 34552K, capacity 35364K, committed 35496K, reserved 1079296K
  class space    used 4764K, capacity 5012K, committed 5120K, reserved 1048576K
Event: 8.558 GC heap after
Heap after GC invocations=7 (full 1):
 PSYoungGen      total 197120K, used 11195K [0x00000000e0000000, 0x00000000ed400000, 0x0000000100000000)
  eden space 184320K, 0% used [0x00000000e0000000,0x00000000e0000000,0x00000000eb400000)
  from space 12800K, 87% used [0x00000000ec780000,0x00000000ed26ee58,0x00000000ed400000)
  to   space 16384K, 0% used [0x00000000eb400000,0x00000000eb400000,0x00000000ec400000)
 ParOldGen       total 68096K, used 19445K [0x00000000a0000000, 0x00000000a4280000, 0x00000000e0000000)
  object space 68096K, 28% used [0x00000000a0000000,0x00000000a12fd7b8,0x00000000a4280000)
 Metaspace       used 34552K, capacity 35364K, committed 35496K, reserved 1079296K
  class space    used 4764K, capacity 5012K, committed 5120K, reserved 1048576K
}
Event: 8.558 GC heap before
{Heap before GC invocations=8 (full 2):
 PSYoungGen      total 197120K, used 11195K [0x00000000e0000000, 0x00000000ed400000, 0x0000000100000000)
  eden space 184320K, 0% used [0x00000000e0000000,0x00000000e0000000,0x00000000eb400000)
  from space 12800K, 87% used [0x00000000ec780000,0x00000000ed26ee58,0x00000000ed400000)
  to   space 16384K, 0% used [0x00000000eb400000,0x00000000eb400000,0x00000000ec400000)
 ParOldGen       total 68096K, used 19445K [0x00000000a0000000, 0x00000000a4280000, 0x00000000e0000000)
  object space 68096K, 28% used [0x00000000a0000000,0x00000000a12fd7b8,0x00000000a4280000)
 Metaspace       used 34552K, capacity 35364K, committed 35496K, reserved 1079296K
  class space    used 4764K, capacity 5012K, committed 5120K, reserved 1048576K
Event: 8.655 GC heap after
Heap after GC invocations=8 (full 2):
 PSYoungGen      total 197120K, used 0K [0x00000000e0000000, 0x00000000ed400000, 0x0000000100000000)
  eden space 184320K, 0% used [0x00000000e0000000,0x00000000e0000000,0x00000000eb400000)
  from space 12800K, 0% used [0x00000000ec780000,0x00000000ec780000,0x00000000ed400000)
  to   space 16384K, 0% used [0x00000000eb400000,0x00000000eb400000,0x00000000ec400000)
 ParOldGen       total 103936K, used 18382K [0x00000000a0000000, 0x00000000a6580000, 0x00000000e0000000)
  object space 103936K, 17% used [0x00000000a0000000,0x00000000a11f38a8,0x00000000a6580000)
 Metaspace       used 34547K, capacity 35346K, committed 35496K, reserved 1079296K
  class space    used 4762K, capacity 5009K, committed 5120K, reserved 1048576K
}

